Removed Pin From Net: NetName=Button1 Pin=T1-1
Removed Pin From Net: NetName=GND Pin=T1-2
Removed Pin From Net: NetName=NetC3_2 Pin=T1-3
Removed Pin From Net: NetName=GND Pin=T1-4
Removed Pin From Net: NetName=+3V3 Pin=T1-5
Removed Pin From Net: NetName=+3V3 Pin=T1-6
Removed Pin From Net: NetName=Button2 Pin=T2-1
Removed Pin From Net: NetName=GND Pin=T2-2
Removed Pin From Net: NetName=NetC5_2 Pin=T2-3
Removed Pin From Net: NetName=GND Pin=T2-4
Removed Pin From Net: NetName=+3V3 Pin=T2-5
Removed Pin From Net: NetName=+3V3 Pin=T2-6
Removed Pin From Net: NetName=Button3 Pin=T3-1
Removed Pin From Net: NetName=GND Pin=T3-2
Removed Pin From Net: NetName=NetC7_2 Pin=T3-3
Removed Pin From Net: NetName=GND Pin=T3-4
Removed Pin From Net: NetName=+3V3 Pin=T3-5
Removed Pin From Net: NetName=+3V3 Pin=T3-6
Removed Pin From Net: NetName=Button4 Pin=T4-1
Removed Pin From Net: NetName=GND Pin=T4-2
Removed Pin From Net: NetName=NetC9_2 Pin=T4-3
Removed Pin From Net: NetName=GND Pin=T4-4
Removed Pin From Net: NetName=+3V3 Pin=T4-5
Removed Pin From Net: NetName=+3V3 Pin=T4-6
Removed Member From Class: ClassName=MCU Member=T1
Removed Member From Class: ClassName=MCU Member=T2
Removed Member From Class: ClassName=MCU Member=T3
Removed Member From Class: ClassName=MCU Member=T4
Added Component: Designator=U2(TTP223)
Add component. Clean all parameters for all variants
Added Component: Designator=U3(TTP223)
Add component. Clean all parameters for all variants
Added Component: Designator=U4(TTP223)
Add component. Clean all parameters for all variants
Added Component: Designator=U5(TTP223)
Add component. Clean all parameters for all variants
Added Pin To Net: NetName=Button1 Pin=U2-1
Added Pin To Net: NetName=GND Pin=U2-2
Added Pin To Net: NetName=NetC3_2 Pin=U2-3
Added Pin To Net: NetName=GND Pin=U2-4
Added Pin To Net: NetName=+3V3 Pin=U2-5
Added Pin To Net: NetName=+3V3 Pin=U2-6
Added Pin To Net: NetName=Button2 Pin=U3-1
Added Pin To Net: NetName=GND Pin=U3-2
Added Pin To Net: NetName=NetC5_2 Pin=U3-3
Added Pin To Net: NetName=GND Pin=U3-4
Added Pin To Net: NetName=+3V3 Pin=U3-5
Added Pin To Net: NetName=+3V3 Pin=U3-6
Added Pin To Net: NetName=Button3 Pin=U4-1
Added Pin To Net: NetName=GND Pin=U4-2
Added Pin To Net: NetName=NetC7_2 Pin=U4-3
Added Pin To Net: NetName=GND Pin=U4-4
Added Pin To Net: NetName=+3V3 Pin=U4-5
Added Pin To Net: NetName=+3V3 Pin=U4-6
Added Pin To Net: NetName=Button4 Pin=U5-1
Added Pin To Net: NetName=GND Pin=U5-2
Added Pin To Net: NetName=NetC9_2 Pin=U5-3
Added Pin To Net: NetName=GND Pin=U5-4
Added Pin To Net: NetName=+3V3 Pin=U5-5
Added Pin To Net: NetName=+3V3 Pin=U5-6
Added Member To Class: ClassName=MCU Member=Component U2 Touch sensor
Added Member To Class: ClassName=MCU Member=Component U3 Touch sensor
Added Member To Class: ClassName=MCU Member=Component U4 Touch sensor
Added Member To Class: ClassName=MCU Member=Component U5 Touch sensor
Added Room: Name=MCU
