Removed Pin From Net: NetName=+3V3 Pin=P7-1
Removed Pin From Net: NetName=One_wire Pin=P7-3
Removed Pin From Net: NetName=RX Pin=P7-4
Removed Pin From Net: NetName=TX Pin=P7-5
Removed Pin From Net: NetName=SCL Pin=P7-6
Removed Pin From Net: NetName=SDA Pin=P7-7
Removed Pin From Net: NetName=GND Pin=P7-8
Removed Pin From Net: NetName=CD/DAT3 Pin=U1-5
Removed Member From Class: ClassName=MCU Member=P7
Added Component: Designator=IC1(IDC10)
Add component. Clean all parameters for all variants
Add component (AddParameter): Name = "Application"; Value = "Wire-to-Board"; VariantName = "[No Variations]"
Add component (AddParameter): Name = "Brand"; Value = "Wurth Electronics"; VariantName = "[No Variations]"
Add component (AddParameter): Name = "ComponentLink1Description"; Value = "https://datasheet.ciiva.com/731/6120xx21621-731344.pdf"; VariantName = "[No Variations]"
Add component (AddParameter): Name = "ComponentLink1URL"; Value = "https://datasheet.ciiva.com/731/6120xx21621-731344.pdf"; VariantName = "[No Variations]"
Add component (AddParameter): Name = "ComponentLink2Description"; Value = "https://datasheet.ciiva.com/15395/6120xx21621-265834-15395106.pdf"; VariantName = "[No Variations]"
Add component (AddParameter): Name = "ComponentLink2URL"; Value = "https://datasheet.ciiva.com/15395/6120xx21621-265834-15395106.pdf"; VariantName = "[No Variations]"
Add component (AddParameter): Name = "ComponentLink3Description"; Value = "https://datasheet.ciiva.com/7648/76595-7648121.pdf"; VariantName = "[No Variations]"
Add component (AddParameter): Name = "ComponentLink3URL"; Value = "https://datasheet.ciiva.com/7648/76595-7648121.pdf"; VariantName = "[No Variations]"
Add component (AddParameter): Name = "Contact Gender"; Value = "Pin (Male)"; VariantName = "[No Variations]"
Add component (AddParameter): Name = "Contact Material"; Value = "Copper Alloy"; VariantName = "[No Variations]"
Add component (AddParameter): Name = "Contact Plating"; Value = "Gold"; VariantName = "[No Variations]"
Add component (AddParameter): Name = "Current Rating"; Value = "3 A"; VariantName = "[No Variations]"
Add component (AddParameter): Name = "Flammability Rating"; Value = "UL 94 V-0"; VariantName = "[No Variations]"
Add component (AddParameter): Name = "Housing Material"; Value = "Polybutylene Terephthalate (PBT)"; VariantName = "[No Variations]"
Add component (AddParameter): Name = "Insulation Resistance"; Value = "1000 MOhms"; VariantName = "[No Variations]"
Add component (AddParameter): Name = "Manufacturer"; Value = "Wurth Electronics"; VariantName = "[No Variations]"
Add component (AddParameter): Name = "Manufacturer Part Number"; Value = "61201021621"; VariantName = "[No Variations]"
Add component (AddParameter): Name = "Mounting Angle"; Value = "Horizontal"; VariantName = "[No Variations]"
Add component (AddParameter): Name = "Mounting Style"; Value = "Through Hole"; VariantName = "[No Variations]"
Add component (AddParameter): Name = "Number of Positions"; Value = "10 Position"; VariantName = "[No Variations]"
Add component (AddParameter): Name = "Number of Rows"; Value = "2 Row"; VariantName = "[No Variations]"
Add component (AddParameter): Name = "Operating Temperature Range"; Value = "- 40 C to + 125 C"; VariantName = "[No Variations]"
Add component (AddParameter): Name = "Packaging"; Value = "Tray"; VariantName = "[No Variations]"
Add component (AddParameter): Name = "Pitch"; Value = "2.54 mm"; VariantName = "[No Variations]"
Add component (AddParameter): Name = "Product"; Value = "Headers"; VariantName = "[No Variations]"
Add component (AddParameter): Name = "Product Category"; Value = "Headers & Wire Housings"; VariantName = "[No Variations]"
Add component (AddParameter): Name = "RoHS"; Value = "True"; VariantName = "[No Variations]"
Add component (AddParameter): Name = "Series"; Value = "WR-BHD"; VariantName = "[No Variations]"
Add component (AddParameter): Name = "Stock 1"; Value = "0"; VariantName = "[No Variations]"
Add component (AddParameter): Name = "Supplier 1"; Value = "Farnell"; VariantName = "[No Variations]"
Add component (AddParameter): Name = "Supplier Part Number 1"; Value = "1642019"; VariantName = "[No Variations]"
Add component (AddParameter): Name = "Termination Style"; Value = "Solder"; VariantName = "[No Variations]"
Add component (AddParameter): Name = "Type"; Value = "Shrouded"; VariantName = "[No Variations]"
Add component (AddParameter): Name = "Voltage Rating"; Value = "250 V"; VariantName = "[No Variations]"
Added Pin To Net: NetName=+3V3 Pin=IC1-1
Added Pin To Net: NetName=SDA Pin=IC1-2
Added Pin To Net: NetName=One_wire Pin=IC1-3
Added Pin To Net: NetName=RX Pin=IC1-5
Added Pin To Net: NetName=TX Pin=IC1-7
Added Pin To Net: NetName=SCL Pin=IC1-8
Added Pin To Net: NetName=GND Pin=IC1-9
Added Pin To Net: NetName=GND Pin=IC1-10
Added Pin To Net: NetName=CD/DAT3 Pin=U1-10
Added Pin To Net: NetName=GPIO/DAC1 Pin=IC1-6
Added Pin To Net: NetName=GPIO/DAC1 Pin=U1-6
Added Net: Name=GPIO/DAC1
Added Pin To Net: NetName=GPIO/DAC2 Pin=IC1-4
Added Pin To Net: NetName=GPIO/DAC2 Pin=U1-5
Added Net: Name=GPIO/DAC2
Added Member To Class: ClassName=MCU Member=Component IC1 IDC10
