Added Component: Designator=C1(CAP0603)
Add component. Clean all parameters for all variants
Add component (AddParameter): Name = "Applications"; Value = "General Purpose"; VariantName = "[No Variations]"
Add component (AddParameter): Name = "Capacitance"; Value = "0.33µF"; VariantName = "[No Variations]"
Add component (AddParameter): Name = "Catalog Drawings"; Value = "C SERIES_0603_0.95"; VariantName = "[No Variations]"
Add component (AddParameter): Name = "Category"; Value = "Capacitors"; VariantName = "[No Variations]"
Add component (AddParameter): Name = "ComponentLink1Description"; Value = "https://datasheet.ciiva.com/24216/c1608x7r1h334k080ac-264671-24216479.pdf"; VariantName = "[No Variations]"
Add component (AddParameter): Name = "ComponentLink1URL"; Value = "https://datasheet.ciiva.com/24216/c1608x7r1h334k080ac-264671-24216479.pdf"; VariantName = "[No Variations]"
Add component (AddParameter): Name = "ComponentLink2Description"; Value = "https://datasheet.ciiva.com/22718/1796654-22718021.pdf"; VariantName = "[No Variations]"
Add component (AddParameter): Name = "ComponentLink2URL"; Value = "https://datasheet.ciiva.com/22718/1796654-22718021.pdf"; VariantName = "[No Variations]"
Add component (AddParameter): Name = "ComponentLink3Description"; Value = "https://datasheet.ciiva.com/6290/tdkmlcccaprange-6290791.pdf"; VariantName = "[No Variations]"
Add component (AddParameter): Name = "ComponentLink3URL"; Value = "https://datasheet.ciiva.com/6290/tdkmlcccaprange-6290791.pdf"; VariantName = "[No Variations]"
Add component (AddParameter): Name = "ComponentLink4Description"; Value = "https://datasheet.ciiva.com/16427/general-b11-16427753.pdf"; VariantName = "[No Variations]"
Add component (AddParameter): Name = "ComponentLink4URL"; Value = "https://datasheet.ciiva.com/16427/general-b11-16427753.pdf"; VariantName = "[No Variations]"
Add component (AddParameter): Name = "ComponentLink5Description"; Value = "https://datasheet.ciiva.com/23803/1735394-23803004.pdf"; VariantName = "[No Variations]"
Add component (AddParameter): Name = "ComponentLink5URL"; Value = "https://datasheet.ciiva.com/23803/1735394-23803004.pdf"; VariantName = "[No Variations]"
Add component (AddParameter): Name = "ComponentLink6Description"; Value = "https://datasheet.ciiva.com/28451/1796654-28451356.pdf"; VariantName = "[No Variations]"
Add component (AddParameter): Name = "ComponentLink6URL"; Value = "https://datasheet.ciiva.com/28451/1796654-28451356.pdf"; VariantName = "[No Variations]"
Add component (AddParameter): Name = "ComponentLink7Description"; Value = "https://datasheet.ciiva.com/6290/tdkmlcccaprange-6290782.pdf"; VariantName = "[No Variations]"
Add component (AddParameter): Name = "ComponentLink7URL"; Value = "https://datasheet.ciiva.com/6290/tdkmlcccaprange-6290782.pdf"; VariantName = "[No Variations]"
Add component (AddParameter): Name = "Design Resources"; Value = "20 W Non-Isolated Buck LED Driver Using PL LNK460KG"; VariantName = "[No Variations]"
Add component (AddParameter): Name = "EDA / CAD Models"; Value = "Download from Accelerated Designs"; VariantName = "[No Variations]"
Add component (AddParameter): Name = "Family"; Value = "Ceramic Capacitors"; VariantName = "[No Variations]"
Add component (AddParameter): Name = "Manufacturer"; Value = "TDK"; VariantName = "[No Variations]"
Add component (AddParameter): Name = "Manufacturer Part Number"; Value = "C1608X7R1H334K080AC"; VariantName = "[No Variations]"
Add component (AddParameter): Name = "Mounting Type"; Value = "Surface Mount, MLCC"; VariantName = "[No Variations]"
Add component (AddParameter): Name = "Online Catalog"; Value = "C Series, General Purpose"; VariantName = "[No Variations]"
Add component (AddParameter): Name = "Operating Temperature"; Value = "-55°C ~ 125°C"; VariantName = "[No Variations]"
Add component (AddParameter): Name = "Other Names"; Value = "445-5950-6"; VariantName = "[No Variations]"
Add component (AddParameter): Name = "Package / Case"; Value = "0603 (1608 Metric)"; VariantName = "[No Variations]"
Add component (AddParameter): Name = "Packaging"; Value = "Digi-Reel®"; VariantName = "[No Variations]"
Add component (AddParameter): Name = "PCN Part Number"; Value = "MLCC Part Number Change 30/Nov/2012"; VariantName = "[No Variations]"
Add component (AddParameter): Name = "Pricing 1"; Value = "4000=0.0692 (EUR)"; VariantName = "[No Variations]"
Add component (AddParameter): Name = "Product Training Modules"; Value = "C Series General Applications SEAT, CCV, and TVCL Design Tools Guide to Replacing an Electrolytic Capacitor with an MLCC"; VariantName = "[No Variations]"
Add component (AddParameter): Name = "RoHS Information"; Value = "RoHS Certificate-MLCC"; VariantName = "[No Variations]"
Add component (AddParameter): Name = "Series"; Value = "C"; VariantName = "[No Variations]"
Add component (AddParameter): Name = "Size / Dimension"; Value = "0.063" L x 0.031" W (1.60mm x 0.80mm)"; VariantName = "[No Variations]"
Add component (AddParameter): Name = "Standard Package"; Value = "1"; VariantName = "[No Variations]"
Add component (AddParameter): Name = "Stock 1"; Value = "268000"; VariantName = "[No Variations]"
Add component (AddParameter): Name = "Supplier 1"; Value = "Farnell"; VariantName = "[No Variations]"
Add component (AddParameter): Name = "Supplier Part Number 1"; Value = "2522009"; VariantName = "[No Variations]"
Add component (AddParameter): Name = "Temperature Coefficient"; Value = "X7R"; VariantName = "[No Variations]"
Add component (AddParameter): Name = "Thickness (Max)"; Value = "0.037" (0.95mm)"; VariantName = "[No Variations]"
Add component (AddParameter): Name = "Tolerance"; Value = "±10%"; VariantName = "[No Variations]"
Add component (AddParameter): Name = "Voltage - Rated"; Value = "50V"; VariantName = "[No Variations]"
Added Component: Designator=C2(CAP0603)
Add component. Clean all parameters for all variants
Add component (AddParameter): Name = "Brand"; Value = "AVX"; VariantName = "[No Variations]"
Add component (AddParameter): Name = "Capacitance"; Value = "0.1 uF"; VariantName = "[No Variations]"
Add component (AddParameter): Name = "Capacitance - nF"; Value = "100 nF"; VariantName = "[No Variations]"
Add component (AddParameter): Name = "Capacitance - pF"; Value = "100000 pF"; VariantName = "[No Variations]"
Add component (AddParameter): Name = "Case Code - in"; Value = "0603"; VariantName = "[No Variations]"
Add component (AddParameter): Name = "Case Code - mm"; Value = "1608"; VariantName = "[No Variations]"
Add component (AddParameter): Name = "Case Height"; Value = "0.035 mm"; VariantName = "[No Variations]"
Add component (AddParameter): Name = "Case Length"; Value = "1.6 mm"; VariantName = "[No Variations]"
Add component (AddParameter): Name = "Case Width"; Value = "0.81 mm"; VariantName = "[No Variations]"
Add component (AddParameter): Name = "ComponentLink1Description"; Value = "https://datasheet.ciiva.com/17495/flexiterm-17495077.pdf"; VariantName = "[No Variations]"
Add component (AddParameter): Name = "ComponentLink1URL"; Value = "https://datasheet.ciiva.com/17495/flexiterm-17495077.pdf"; VariantName = "[No Variations]"
Add component (AddParameter): Name = "ComponentLink2Description"; Value = "https://datasheet.ciiva.com/153/flexiterm-153369.pdf"; VariantName = "[No Variations]"
Add component (AddParameter): Name = "ComponentLink2URL"; Value = "https://datasheet.ciiva.com/153/flexiterm-153369.pdf"; VariantName = "[No Variations]"
Add component (AddParameter): Name = "ComponentLink3Description"; Value = "https://datasheet.ciiva.com/153/flexiterm-153370.pdf"; VariantName = "[No Variations]"
Add component (AddParameter): Name = "ComponentLink3URL"; Value = "https://datasheet.ciiva.com/153/flexiterm-153370.pdf"; VariantName = "[No Variations]"
Add component (AddParameter): Name = "ComponentLink4Description"; Value = "https://datasheet.ciiva.com/15212/getdatasheetpartid-494917-15212298.pdf"; VariantName = "[No Variations]"
Add component (AddParameter): Name = "ComponentLink4URL"; Value = "https://datasheet.ciiva.com/15212/getdatasheetpartid-494917-15212298.pdf"; VariantName = "[No Variations]"
Add component (AddParameter): Name = "ComponentLink5Description"; Value = "https://datasheet.ciiva.com/153/flexiterm-153371.pdf"; VariantName = "[No Variations]"
Add component (AddParameter): Name = "ComponentLink5URL"; Value = "https://datasheet.ciiva.com/153/flexiterm-153371.pdf"; VariantName = "[No Variations]"
Add component (AddParameter): Name = "ComponentLink6Description"; Value = "https://datasheet.ciiva.com/22707/1679506-22707787.pdf"; VariantName = "[No Variations]"
Add component (AddParameter): Name = "ComponentLink6URL"; Value = "https://datasheet.ciiva.com/22707/1679506-22707787.pdf"; VariantName = "[No Variations]"
Add component (AddParameter): Name = "ComponentLink7Description"; Value = "https://datasheet.ciiva.com/1457/1679506-1457868.pdf"; VariantName = "[No Variations]"
Add component (AddParameter): Name = "ComponentLink7URL"; Value = "https://datasheet.ciiva.com/1457/1679506-1457868.pdf"; VariantName = "[No Variations]"
Add component (AddParameter): Name = "Dielectric"; Value = "X7R"; VariantName = "[No Variations]"
Add component (AddParameter): Name = "Dimensions"; Value = "0.81 mm W x 1.6 mm L x 0.035 mm H"; VariantName = "[No Variations]"
Add component (AddParameter): Name = "Dissipation Factor DF"; Value = "2.5"; VariantName = "[No Variations]"
Add component (AddParameter): Name = "Factory Pack Quantity"; Value = "4000"; VariantName = "[No Variations]"
Add component (AddParameter): Name = "Manufacturer"; Value = "Kyocera AVX"; VariantName = "[No Variations]"
Add component (AddParameter): Name = "Manufacturer Part Number"; Value = "06035C104K4Z2A"; VariantName = "[No Variations]"
Add component (AddParameter): Name = "Maximum Operating Temperature"; Value = "+ 125 C"; VariantName = "[No Variations]"
Add component (AddParameter): Name = "Minimum Operating Temperature"; Value = "- 55 C"; VariantName = "[No Variations]"
Add component (AddParameter): Name = "Operating Temperature Range"; Value = "- 55 C to + 125 C"; VariantName = "[No Variations]"
Add component (AddParameter): Name = "Package / Case"; Value = "0603 (1608 metric)"; VariantName = "[No Variations]"
Add component (AddParameter): Name = "Packaging"; Value = "Reel"; VariantName = "[No Variations]"
Add component (AddParameter): Name = "Product"; Value = "Automotive MLCCs"; VariantName = "[No Variations]"
Add component (AddParameter): Name = "Product Category"; Value = "Multilayer Ceramic Capacitors MLCC - SMD/SMT"; VariantName = "[No Variations]"
Add component (AddParameter): Name = "RoHS"; Value = "Details"; VariantName = "[No Variations]"
Add component (AddParameter): Name = "Series"; Value = "0603 C"; VariantName = "[No Variations]"
Add component (AddParameter): Name = "Stock 1"; Value = "0"; VariantName = "[No Variations]"
Add component (AddParameter): Name = "Supplier 1"; Value = "Farnell"; VariantName = "[No Variations]"
Add component (AddParameter): Name = "Supplier Part Number 1"; Value = "1833843RL"; VariantName = "[No Variations]"
Add component (AddParameter): Name = "Temperature Coefficient / Code"; Value = "+/- 15 %"; VariantName = "[No Variations]"
Add component (AddParameter): Name = "Termination"; Value = "Flexible (Soft)"; VariantName = "[No Variations]"
Add component (AddParameter): Name = "Termination Style"; Value = "SMD/SMT"; VariantName = "[No Variations]"
Add component (AddParameter): Name = "Tolerance"; Value = "10 %"; VariantName = "[No Variations]"
Add component (AddParameter): Name = "Tradename"; Value = "FLEXITERM"; VariantName = "[No Variations]"
Add component (AddParameter): Name = "Type"; Value = "Automotive MLCCs X7R Dielectric, Flexiterm"; VariantName = "[No Variations]"
Add component (AddParameter): Name = "Voltage Rating"; Value = "50 V"; VariantName = "[No Variations]"
Add component (AddParameter): Name = "Voltage Rating DC"; Value = "50 V"; VariantName = "[No Variations]"
Added Component: Designator=V1(DPAK)
Add component. Clean all parameters for all variants
Add component (AddParameter): Name = "ComponentLink1Description"; Value = "https://datasheet.ciiva.com/26180/ka7824e-26180282.pdf"; VariantName = "[No Variations]"
Add component (AddParameter): Name = "ComponentLink1URL"; Value = "https://datasheet.ciiva.com/26180/ka7824e-26180282.pdf"; VariantName = "[No Variations]"
Add component (AddParameter): Name = "ComponentLink2Description"; Value = "https://datasheet.ciiva.com/1511/1747520-1511515.pdf"; VariantName = "[No Variations]"
Add component (AddParameter): Name = "ComponentLink2URL"; Value = "https://datasheet.ciiva.com/1511/1747520-1511515.pdf"; VariantName = "[No Variations]"
Add component (AddParameter): Name = "ComponentLink3Description"; Value = "https://datasheet.ciiva.com/3224/ka7824e-3224876.pdf"; VariantName = "[No Variations]"
Add component (AddParameter): Name = "ComponentLink3URL"; Value = "https://datasheet.ciiva.com/3224/ka7824e-3224876.pdf"; VariantName = "[No Variations]"
Add component (AddParameter): Name = "ComponentLink4Description"; Value = "https://datasheet.ciiva.com/7658/1747520-7658876.pdf"; VariantName = "[No Variations]"
Add component (AddParameter): Name = "ComponentLink4URL"; Value = "https://datasheet.ciiva.com/7658/1747520-7658876.pdf"; VariantName = "[No Variations]"
Add component (AddParameter): Name = "ComponentLink5Description"; Value = "https://datasheet.ciiva.com/6592/ka7805e-6592445.pdf"; VariantName = "[No Variations]"
Add component (AddParameter): Name = "ComponentLink5URL"; Value = "https://datasheet.ciiva.com/6592/ka7805e-6592445.pdf"; VariantName = "[No Variations]"
Add component (AddParameter): Name = "ComponentLink6Description"; Value = "https://datasheet.ciiva.com/6592/ka7805e-6592446.pdf"; VariantName = "[No Variations]"
Add component (AddParameter): Name = "ComponentLink6URL"; Value = "https://datasheet.ciiva.com/6592/ka7805e-6592446.pdf"; VariantName = "[No Variations]"
Add component (AddParameter): Name = "ComponentLink7Description"; Value = "https://datasheet.ciiva.com/6592/ka7805e-6592463.pdf"; VariantName = "[No Variations]"
Add component (AddParameter): Name = "ComponentLink7URL"; Value = "https://datasheet.ciiva.com/6592/ka7805e-6592463.pdf"; VariantName = "[No Variations]"
Add component (AddParameter): Name = "ComponentLink8Description"; Value = "https://datasheet.ciiva.com/48694/001252964-da-01-en-ic-reg-ldo-5v-1a-ka7805ertf-to-252-3-fsc-48694758.pdf"; VariantName = "[No Variations]"
Add component (AddParameter): Name = "ComponentLink8URL"; Value = "https://datasheet.ciiva.com/48694/001252964-da-01-en-ic-reg-ldo-5v-1a-ka7805ertf-to-252-3-fsc-48694758.pdf"; VariantName = "[No Variations]"
Add component (AddParameter): Name = "Dimensions"; Value = "6.73 x 6.22 x 2.38mm"; VariantName = "[No Variations]"
Add component (AddParameter): Name = "Dropout Voltage Measurement Current"; Value = "1 A"; VariantName = "[No Variations]"
Add component (AddParameter): Name = "Height"; Value = "2.38mm"; VariantName = "[No Variations]"
Add component (AddParameter): Name = "Length"; Value = "6.73mm"; VariantName = "[No Variations]"
Add component (AddParameter): Name = "Line Regulation"; Value = "100 mV"; VariantName = "[No Variations]"
Add component (AddParameter): Name = "Load Regulation"; Value = "100 mV"; VariantName = "[No Variations]"
Add component (AddParameter): Name = "Manufacturer"; Value = "ON Semiconductor / Fairchild"; VariantName = "[No Variations]"
Add component (AddParameter): Name = "Manufacturer Part Number"; Value = "KA7805ERTF"; VariantName = "[No Variations]"
Add component (AddParameter): Name = "Maximum Input Voltage"; Value = "25 V"; VariantName = "[No Variations]"
Add component (AddParameter): Name = "Maximum Operating Temperature"; Value = "+125 °C"; VariantName = "[No Variations]"
Add component (AddParameter): Name = "Maximum Output Current"; Value = "1A"; VariantName = "[No Variations]"
Add component (AddParameter): Name = "Minimum Input Voltage"; Value = "7 V"; VariantName = "[No Variations]"
Add component (AddParameter): Name = "Minimum Operating Temperature"; Value = "0 °C"; VariantName = "[No Variations]"
Add component (AddParameter): Name = "Mounting Type"; Value = "Surface Mount"; VariantName = "[No Variations]"
Add component (AddParameter): Name = "Number of Outputs"; Value = "1"; VariantName = "[No Variations]"
Add component (AddParameter): Name = "Output Type"; Value = "Fixed"; VariantName = "[No Variations]"
Add component (AddParameter): Name = "Output Voltage"; Value = "5 V"; VariantName = "[No Variations]"
Add component (AddParameter): Name = "Package Type"; Value = "DPAK"; VariantName = "[No Variations]"
Add component (AddParameter): Name = "Pin Count"; Value = "3"; VariantName = "[No Variations]"
Add component (AddParameter): Name = "Polarity"; Value = "Positive"; VariantName = "[No Variations]"
Add component (AddParameter): Name = "Quiescent Current"; Value = "8mA"; VariantName = "[No Variations]"
Add component (AddParameter): Name = "Regulator Function"; Value = "Linear"; VariantName = "[No Variations]"
Add component (AddParameter): Name = "Series"; Value = "KA78xx"; VariantName = "[No Variations]"
Add component (AddParameter): Name = "Stock 1"; Value = "0"; VariantName = "[No Variations]"
Add component (AddParameter): Name = "Supplier 1"; Value = "Farnell"; VariantName = "[No Variations]"
Add component (AddParameter): Name = "Supplier Part Number 1"; Value = "2102585RL"; VariantName = "[No Variations]"
Add component (AddParameter): Name = "Typical Dropout Voltage @ Current"; Value = "2 V @ 1 A"; VariantName = "[No Variations]"
Add component (AddParameter): Name = "Width"; Value = "6.22mm"; VariantName = "[No Variations]"
Added Pin To Net: NetName=GND Pin=C1-1
Added Pin To Net: NetName=NetC1_2 Pin=C1-2
Added Pin To Net: NetName=+5V Pin=C2-2
Added Pin To Net: NetName=NetC1_2 Pin=V1-1
Added Pin To Net: NetName=GND Pin=V1-2
Added Pin To Net: NetName=+5V Pin=V1-3
Added Member To Class: ClassName=MCU Member=Component C1 0.33uF
Added Member To Class: ClassName=MCU Member=Component C2 0.1uF
Added Member To Class: ClassName=MCU Member=Component V1 Voltage regulator
